2024-06-27 10:34:16,602 - templates.login - ERROR - Login failed
2024-06-27 10:40:53,719 - templates.login - ERROR - Login failed
2024-06-27 10:44:50,123 - templates.login - ERROR - Login failed
2024-06-27 11:00:47,763 - templates.login - ERROR - Login failed
2024-06-27 11:01:03,781 - templates.login - ERROR - Login failed
2024-06-27 11:02:26,945 - templates.login - ERROR - Login failed
2024-06-27 11:06:28,186 - templates.login - ERROR - Login failed
2024-06-27 11:08:02,835 - templates.login - ERROR - Login failed
2024-06-27 11:10:57,790 - templates.login - ERROR - Login failed
2024-06-27 11:27:30,211 - templates.login - ERROR - MainWindow does not have show_dashboard method
2024-06-27 11:27:32,539 - templates.login - ERROR - MainWindow does not have show_dashboard method
2024-06-27 11:27:33,108 - templates.login - ERROR - MainWindow does not have show_dashboard method
2024-06-27 11:27:33,446 - templates.login - ERROR - MainWindow does not have show_dashboard method
2024-06-27 11:27:33,880 - templates.login - ERROR - MainWindow does not have show_dashboard method
2024-06-27 11:27:34,075 - templates.login - ERROR - MainWindow does not have show_dashboard method
2024-06-27 11:27:34,266 - templates.login - ERROR - MainWindow does not have show_dashboard method
2024-06-27 11:27:34,478 - templates.login - ERROR - MainWindow does not have show_dashboard method
2024-06-27 11:27:34,634 - templates.login - ERROR - MainWindow does not have show_dashboard method
2024-06-27 11:27:34,855 - templates.login - ERROR - MainWindow does not have show_dashboard method
2024-06-27 11:27:35,020 - templates.login - ERROR - MainWindow does not have show_dashboard method
2024-06-27 11:27:35,229 - templates.login - ERROR - MainWindow does not have show_dashboard method
2024-06-27 11:27:35,449 - templates.login - ERROR - MainWindow does not have show_dashboard method
2024-06-27 11:27:40,201 - templates.login - ERROR - MainWindow does not have show_dashboard method
2024-06-27 11:27:40,374 - templates.login - ERROR - MainWindow does not have show_dashboard method
2024-06-27 11:27:40,561 - templates.login - ERROR - MainWindow does not have show_dashboard method
2024-06-27 11:27:40,741 - templates.login - ERROR - MainWindow does not have show_dashboard method
2024-06-27 11:28:44,381 - templates.login - ERROR - MainWindow does not have show_dashboard method
2024-06-27 11:28:45,392 - templates.login - ERROR - MainWindow does not have show_dashboard method
2024-06-27 11:28:45,972 - templates.login - ERROR - MainWindow does not have show_dashboard method
2024-06-27 11:46:27,845 - templates.settings - INFO - Color scheme changed to dark
2024-06-27 11:46:29,767 - templates.settings - INFO - Color scheme changed to light
2024-06-27 11:46:45,744 - templates.event_management - INFO - Event rand added successfully
2024-06-27 11:46:55,883 - templates.report_generation - INFO - Report generated at report.pdf
2024-06-27 11:51:16,696 - templates.score_entry - INFO - Score 1 for event 1 and participant 1 added successfully
